\BOOKMARK [1][-]{section.1}{Introduction}{}% 1
\BOOKMARK [1][-]{section.2}{Install}{}% 2
\BOOKMARK [2][-]{subsubsection.2.0.1}{Ubuntu Linux}{section.2}% 3
\BOOKMARK [3][-]{subsubsection.2.0.2}{MacOS}{subsubsection.2.0.1}% 4
\BOOKMARK [3][-]{subsubsection.2.0.3}{Windows}{subsubsection.2.0.1}% 5
\BOOKMARK [1][-]{section.3}{Compilation}{}% 6
\BOOKMARK [1][-]{section.4}{Document Classes}{}% 7
\BOOKMARK [2][-]{subsection.4.1}{Article}{section.4}% 8
\BOOKMARK [2][-]{subsection.4.2}{IEEEtran}{section.4}% 9
\BOOKMARK [2][-]{subsection.4.3}{book}{section.4}% 10
\BOOKMARK [1][-]{section.5}{Title, Listing Multiple \040Authors and Affiliations}{}% 11
\BOOKMARK [2][-]{subsection.5.1}{Title}{section.5}% 12
\BOOKMARK [3][-]{subsubsection.5.1.1}{Title Page}{subsection.5.1}% 13
\BOOKMARK [2][-]{subsection.5.2}{Multiple Authors and Affiliations}{section.5}% 14
\BOOKMARK [1][-]{section.6}{Sections}{}% 15
\BOOKMARK [2][-]{subsection.6.1}{Subsections}{section.6}% 16
\BOOKMARK [2][-]{subsection.6.2}{Sub-subsections}{section.6}% 17
\BOOKMARK [2][-]{subsection.6.3}{Paragraphs}{section.6}% 18
\BOOKMARK [2][-]{subsection.6.4}{Labeling}{section.6}% 19
\BOOKMARK [1][-]{section.7}{Environments}{}% 20
\BOOKMARK [2][-]{subsection.7.1}{Tabular}{section.7}% 21
\BOOKMARK [2][-]{subsection.7.2}{Itemize and Enumerate}{section.7}% 22
\BOOKMARK [2][-]{subsection.7.3}{Description}{section.7}% 23
\BOOKMARK [1][-]{section.8}{Mathematical Formulas}{}% 24
\BOOKMARK [1][-]{section.9}{User-defined macros}{}% 25
\BOOKMARK [2][-]{subsection.9.1}{New Commands}{section.9}% 26
\BOOKMARK [1][-]{section.10}{NFA's and DFA's}{}% 27
\BOOKMARK [1][-]{section.11}{Bibliography}{}% 28
