This is pdfTeX, Version 3.14159265-2.6-1.40.18 (TeX Live 2017) (preloaded format=pdflatex 2017.5.23)  9 MAR 2018 23:26
entering extended mode
 restricted \write18 enabled.
 %&-line parsing enabled.
**Integrality-gap_min-Multicut.tex
(./Integrality-gap_min-Multicut.tex
LaTeX2e <2017-04-15>
Babel <3.10> and hyphenation patterns for 84 language(s) loaded.
(/usr/local/texlive/2017/texmf-dist/tex/latex/base/article.cls
Document Class: article 2014/09/29 v1.4h Standard LaTeX document class
(/usr/local/texlive/2017/texmf-dist/tex/latex/base/size11.clo
File: size11.clo 2014/09/29 v1.4h Standard LaTeX file (size option)
)
\c@part=\count79
\c@section=\count80
\c@subsection=\count81
\c@subsubsection=\count82
\c@paragraph=\count83
\c@subparagraph=\count84
\c@figure=\count85
\c@table=\count86
\abovecaptionskip=\skip41
\belowcaptionskip=\skip42
\bibindent=\dimen102
)
(/usr/local/texlive/2017/texmf-dist/tex/latex/preprint/fullpage.sty
Package: fullpage 1999/02/23 1.1 (PWD)
\FP@margin=\skip43
)
(/usr/local/texlive/2017/texmf-dist/tex/latex/xcolor/xcolor.sty
Package: xcolor 2016/05/11 v2.12 LaTeX color extensions (UK)

(/usr/local/texlive/2017/texmf-dist/tex/latex/graphics-cfg/color.cfg
File: color.cfg 2016/01/02 v1.6 sample color configuration
)
Package xcolor Info: Driver file: pdftex.def on input line 225.

(/usr/local/texlive/2017/texmf-dist/tex/latex/graphics-def/pdftex.def
File: pdftex.def 2017/01/12 v0.06k Graphics/color for pdfTeX

(/usr/local/texlive/2017/texmf-dist/tex/generic/oberdiek/infwarerr.sty
Package: infwarerr 2016/05/16 v1.4 Providing info/warning/error messages (HO)
)
(/usr/local/texlive/2017/texmf-dist/tex/generic/oberdiek/ltxcmds.sty
Package: ltxcmds 2016/05/16 v1.23 LaTeX kernel commands for general use (HO)
)
\Gread@gobject=\count87
)
Package xcolor Info: Model `cmy' substituted by `cmy0' on input line 1348.
Package xcolor Info: Model `hsb' substituted by `rgb' on input line 1352.
Package xcolor Info: Model `RGB' extended on input line 1364.
Package xcolor Info: Model `HTML' substituted by `rgb' on input line 1366.
Package xcolor Info: Model `Hsb' substituted by `hsb' on input line 1367.
Package xcolor Info: Model `tHsb' substituted by `hsb' on input line 1368.
Package xcolor Info: Model `HSB' substituted by `hsb' on input line 1369.
Package xcolor Info: Model `Gray' substituted by `gray' on input line 1370.
Package xcolor Info: Model `wave' substituted by `hsb' on input line 1371.
)
(/usr/local/texlive/2017/texmf-dist/tex/latex/upquote/upquote.sty
Package: upquote 2012/04/19 v1.3 upright-quote and grave-accent glyphs in verba
tim
)
(./Integrality-gap_min-Multicut.aux)
\openout1 = `Integrality-gap_min-Multicut.aux'.

LaTeX Font Info:    Checking defaults for OML/cmm/m/it on input line 7.
LaTeX Font Info:    ... okay on input line 7.
LaTeX Font Info:    Checking defaults for T1/cmr/m/n on input line 7.
LaTeX Font Info:    ... okay on input line 7.
LaTeX Font Info:    Checking defaults for OT1/cmr/m/n on input line 7.
LaTeX Font Info:    ... okay on input line 7.
LaTeX Font Info:    Checking defaults for OMS/cmsy/m/n on input line 7.
LaTeX Font Info:    ... okay on input line 7.
LaTeX Font Info:    Checking defaults for OMX/cmex/m/n on input line 7.
LaTeX Font Info:    ... okay on input line 7.
LaTeX Font Info:    Checking defaults for U/cmr/m/n on input line 7.
LaTeX Font Info:    ... okay on input line 7.

(/usr/local/texlive/2017/texmf-dist/tex/context/base/mkii/supp-pdf.mkii
[Loading MPS to PDF converter (version 2006.09.02).]
\scratchcounter=\count88
\scratchdimen=\dimen103
\scratchbox=\box26
\nofMPsegments=\count89
\nofMParguments=\count90
\everyMPshowfont=\toks14
\MPscratchCnt=\count91
\MPscratchDim=\dimen104
\MPnumerator=\count92
\makeMPintoPDFobject=\count93
\everyMPtoPDFconversion=\toks15
)

! LaTeX Error: There's no line here to end.

See the LaTeX manual or LaTeX Companion for explanation.
Type  H <return>  for immediate help.
 ...                                              
                                                  
l.10 \author
            {\textit{James M. Vrionis}
? 
LaTeX Font Info:    External font `cmex10' loaded for size
(Font)              <12> on input line 15.
LaTeX Font Info:    External font `cmex10' loaded for size
(Font)              <8> on input line 15.
LaTeX Font Info:    External font `cmex10' loaded for size
(Font)              <6> on input line 15.
! Misplaced \noalign.
\hline ->\noalign 
                  {\ifnum 0=`}\fi \hrule \@height \arrayrulewidth \futurelet...
l.16 \hline
           
? 

Underfull \hbox (badness 10000) in paragraph at lines 38--43

 []

LaTeX Font Info:    External font `cmex10' loaded for size
(Font)              <10.95> on input line 45.

Underfull \hbox (badness 10000) in paragraph at lines 78--84

 []


Underfull \hbox (badness 10000) in paragraph at lines 86--95

 []

[1

{/usr/local/texlive/2017/texmf-var/fonts/map/pdftex/updmap/pdftex.map}]
Underfull \hbox (badness 10000) in paragraph at lines 99--105

 []


Underfull \hbox (badness 10000) in paragraph at lines 110--114

 []

LaTeX Font Info:    Try loading font information for OMS+cmr on input line 118.

(/usr/local/texlive/2017/texmf-dist/tex/latex/base/omscmr.fd
File: omscmr.fd 2014/09/29 v2.5h Standard LaTeX font definitions
)
LaTeX Font Info:    Font shape `OMS/cmr/m/n' in size <10.95> not available
(Font)              Font shape `OMS/cmsy/m/n' tried instead on input line 118.
 [2]
LaTeX Font Info:    Font shape `OT1/cmtt/bx/n' in size <12> not available
(Font)              Font shape `OT1/cmtt/m/n' tried instead on input line 170.

Underfull \hbox (badness 10000) in paragraph at lines 172--174

 []


Underfull \hbox (badness 10000) in paragraph at lines 175--184

 []


Underfull \hbox (badness 10000) in paragraph at lines 185--191

 []


Underfull \hbox (badness 10000) in paragraph at lines 193--197

 []


Underfull \hbox (badness 10000) in paragraph at lines 199--201

 []


Underfull \hbox (badness 10000) in paragraph at lines 202--211

 []


Underfull \hbox (badness 10000) in paragraph at lines 213--220

 []


Underfull \hbox (badness 10000) in paragraph at lines 222--227

 []

[3] (./Integrality-gap_min-Multicut.aux) ) 
Here is how much of TeX's memory you used:
 1458 strings out of 492995
 18638 string characters out of 6132704
 81341 words of memory out of 5000000
 5046 multiletter control sequences out of 15000+600000
 10148 words of font info for 36 fonts, out of 8000000 for 9000
 1141 hyphenation exceptions out of 8191
 23i,6n,35p,239b,235s stack positions out of 5000i,500n,10000p,200000b,80000s
</usr/local/texlive/2017/texmf-dist/f
onts/type1/public/amsfonts/cm/cmbx10.pfb></usr/local/texlive/2017/texmf-dist/fo
nts/type1/public/amsfonts/cm/cmbx12.pfb></usr/local/texlive/2017/texmf-dist/fon
ts/type1/public/amsfonts/cm/cmex10.pfb></usr/local/texlive/2017/texmf-dist/font
s/type1/public/amsfonts/cm/cmmi10.pfb></usr/local/texlive/2017/texmf-dist/fonts
/type1/public/amsfonts/cm/cmmi8.pfb></usr/local/texlive/2017/texmf-dist/fonts/t
ype1/public/amsfonts/cm/cmr10.pfb></usr/local/texlive/2017/texmf-dist/fonts/typ
e1/public/amsfonts/cm/cmr12.pfb></usr/local/texlive/2017/texmf-dist/fonts/type1
/public/amsfonts/cm/cmr8.pfb></usr/local/texlive/2017/texmf-dist/fonts/type1/pu
blic/amsfonts/cm/cmsy10.pfb></usr/local/texlive/2017/texmf-dist/fonts/type1/pub
lic/amsfonts/cm/cmsy8.pfb></usr/local/texlive/2017/texmf-dist/fonts/type1/publi
c/amsfonts/cm/cmti10.pfb></usr/local/texlive/2017/texmf-dist/fonts/type1/public
/amsfonts/cm/cmti12.pfb></usr/local/texlive/2017/texmf-dist/fonts/type1/public/
amsfonts/cm/cmtt10.pfb></usr/local/texlive/2017/texmf-dist/fonts/type1/public/a
msfonts/cm/cmtt12.pfb>
Output written on Integrality-gap_min-Multicut.pdf (3 pages, 150620 bytes).
PDF statistics:
 70 PDF objects out of 1000 (max. 8388607)
 50 compressed objects within 1 object stream
 0 named destinations out of 1000 (max. 500000)
 1 words of extra memory for PDF output out of 10000 (max. 10000000)

